2020-09-04 14:57:17 ERROR LoggingPlatform:53 - File cfg/lgd-props.xml not found
java.lang.RuntimeException: File cfg/lgd-props.xml not found
	at org.topicquests.support.config.ConfigPullParser.<init>(ConfigPullParser.java:22)
	at org.topicquests.support.config.Configurator.getProperties(Configurator.java:20)
	at org.topicquests.support.RootEnvironment.<init>(RootEnvironment.java:26)
	at org.topicquests.os.asr.driver.LGDriverEnvironment.<init>(LGDriverEnvironment.java:19)
	at sun.reflect.NativeConstructorAccessorImpl.newInstance0(Native Method)
	at sun.reflect.NativeConstructorAccessorImpl.newInstance(NativeConstructorAccessorImpl.java:62)
	at sun.reflect.DelegatingConstructorAccessorImpl.newInstance(DelegatingConstructorAccessorImpl.java:45)
	at java.lang.reflect.Constructor.newInstance(Constructor.java:423)
	at java.lang.Class.newInstance(Class.java:442)
	at org.topicquests.os.asr.pd.ParserDispatcherEnvironment.bootDispatcher(ParserDispatcherEnvironment.java:44)
	at org.topicquests.os.asr.pd.ParserDispatcherEnvironment.<init>(ParserDispatcherEnvironment.java:24)
	at devtests.TestRoot.<init>(TestRoot.java:21)
	at devtests.BootTest.<init>(BootTest.java:6)
	at devtests.PDTestFramework.main(PDTestFramework.java:16)
2020-09-04 15:27:53 ERROR LoggingPlatform:53 - org.topicquests.os.asr.driver.EDriverEnvironment
java.lang.ClassNotFoundException: org.topicquests.os.asr.driver.EDriverEnvironment
	at java.net.URLClassLoader.findClass(URLClassLoader.java:381)
	at java.lang.ClassLoader.loadClass(ClassLoader.java:424)
	at sun.misc.Launcher$AppClassLoader.loadClass(Launcher.java:349)
	at java.lang.ClassLoader.loadClass(ClassLoader.java:357)
	at java.lang.Class.forName0(Native Method)
	at java.lang.Class.forName(Class.java:264)
	at org.topicquests.os.asr.pd.ParserDispatcherEnvironment.bootDispatcher(ParserDispatcherEnvironment.java:40)
	at org.topicquests.os.asr.pd.ParserDispatcherEnvironment.<init>(ParserDispatcherEnvironment.java:24)
	at devtests.TestRoot.<init>(TestRoot.java:21)
	at devtests.BootTest.<init>(BootTest.java:6)
	at devtests.PDTestFramework.main(PDTestFramework.java:16)
